<?xml version="1.0" encoding="UTF-8"?>
<testsuite name="com.example.project01.inoxsoftApplicationTests" tests="1" skipped="0" failures="0" errors="0" timestamp="2022-09-15T09:04:58" hostname="DESKTOP-U73ANKS" time="0.078">
  <properties/>
  <testcase name="contextLoads()" classname="com.example.project01.inoxsoftApplicationTests" time="0.078"/>
  <system-out><![CDATA[18:04:53.776 [Test worker] DEBUG org.springframework.test.context.BootstrapUtils - Instantiating CacheAwareContextLoaderDelegate from class [org.springframework.test.context.cache.DefaultCacheAwareContextLoaderDelegate]
18:04:53.788 [Test worker] DEBUG org.springframework.test.context.BootstrapUtils - Instantiating BootstrapContext using constructor [public org.springframework.test.context.support.DefaultBootstrapContext(java.lang.Class,org.springframework.test.context.CacheAwareContextLoaderDelegate)]
18:04:53.823 [Test worker] DEBUG org.springframework.test.context.BootstrapUtils - Instantiating TestContextBootstrapper for test class [com.example.project01.inoxsoftApplicationTests] from class [org.springframework.boot.test.context.SpringBootTestContextBootstrapper]
18:04:53.834 [Test worker] INFO org.springframework.boot.test.context.SpringBootTestContextBootstrapper - Neither @ContextConfiguration nor @ContextHierarchy found for test class [com.example.project01.inoxsoftApplicationTests], using SpringBootContextLoader
18:04:53.838 [Test worker] DEBUG org.springframework.test.context.support.AbstractContextLoader - Did not detect default resource location for test class [com.example.project01.inoxsoftApplicationTests]: class path resource [com/example/project01/inoxsoftApplicationTests-context.xml] does not exist
18:04:53.839 [Test worker] DEBUG org.springframework.test.context.support.AbstractContextLoader - Did not detect default resource location for test class [com.example.project01.inoxsoftApplicationTests]: class path resource [com/example/project01/inoxsoftApplicationTestsContext.groovy] does not exist
18:04:53.840 [Test worker] INFO org.springframework.test.context.support.AbstractContextLoader - Could not detect default resource locations for test class [com.example.project01.inoxsoftApplicationTests]: no resource found for suffixes {-context.xml, Context.groovy}.
18:04:53.840 [Test worker] INFO org.springframework.test.context.support.AnnotationConfigContextLoaderUtils - Could not detect default configuration classes for test class [com.example.project01.inoxsoftApplicationTests]: inoxsoftApplicationTests does not declare any static, non-private, non-final, nested classes annotated with @Configuration.
18:04:53.887 [Test worker] DEBUG org.springframework.test.context.support.ActiveProfilesUtils - Could not find an 'annotation declaring class' for annotation type [org.springframework.test.context.ActiveProfiles] and class [com.example.project01.inoxsoftApplicationTests]
18:04:53.971 [Test worker] DEBUG org.springframework.context.annotation.ClassPathScanningCandidateComponentProvider - Identified candidate component class: file [C:\Users\USER\IdeaProjects\inoxsoftLeave\build\classes\java\main\com\example\project01\inoxsoftApplication.class]
18:04:53.973 [Test worker] INFO org.springframework.boot.test.context.SpringBootTestContextBootstrapper - Found @SpringBootConfiguration com.example.project01.inoxsoftApplication for test class com.example.project01.inoxsoftApplicationTests
18:04:54.073 [Test worker] DEBUG org.springframework.boot.test.context.SpringBootTestContextBootstrapper - @TestExecutionListeners is not present for class [com.example.project01.inoxsoftApplicationTests]: using defaults.
18:04:54.074 [Test worker] INFO org.springframework.boot.test.context.SpringBootTestContextBootstrapper - Loaded default TestExecutionListener class names from location [META-INF/spring.factories]: [org.springframework.boot.test.autoconfigure.restdocs.RestDocsTestExecutionListener, org.springframework.boot.test.autoconfigure.web.client.MockRestServiceServerResetTestExecutionListener, org.springframework.boot.test.autoconfigure.web.servlet.MockMvcPrintOnlyOnFailureTestExecutionListener, org.springframework.boot.test.autoconfigure.web.servlet.WebDriverTestExecutionListener, org.springframework.boot.test.autoconfigure.webservices.client.MockWebServiceServerTestExecutionListener, org.springframework.boot.test.mock.mockito.MockitoTestExecutionListener, org.springframework.boot.test.mock.mockito.ResetMocksTestExecutionListener, org.springframework.test.context.web.ServletTestExecutionListener, org.springframework.test.context.support.DirtiesContextBeforeModesTestExecutionListener, org.springframework.test.context.event.ApplicationEventsTestExecutionListener, org.springframework.test.context.support.DependencyInjectionTestExecutionListener, org.springframework.test.context.support.DirtiesContextTestExecutionListener, org.springframework.test.context.transaction.TransactionalTestExecutionListener, org.springframework.test.context.jdbc.SqlScriptsTestExecutionListener, org.springframework.test.context.event.EventPublishingTestExecutionListener]
18:04:54.097 [Test worker] INFO org.springframework.boot.test.context.SpringBootTestContextBootstrapper - Using TestExecutionListeners: [org.springframework.test.context.web.ServletTestExecutionListener@30e868be, org.springframework.test.context.support.DirtiesContextBeforeModesTestExecutionListener@66c92293, org.springframework.test.context.event.ApplicationEventsTestExecutionListener@332796d3, org.springframework.boot.test.mock.mockito.MockitoTestExecutionListener@4f0100a7, org.springframework.boot.test.autoconfigure.SpringBootDependencyInjectionTestExecutionListener@3cdf2c61, org.springframework.test.context.support.DirtiesContextTestExecutionListener@13ad5cd3, org.springframework.test.context.transaction.TransactionalTestExecutionListener@1c33c17b, org.springframework.test.context.jdbc.SqlScriptsTestExecutionListener@5bf0fe62, org.springframework.test.context.event.EventPublishingTestExecutionListener@1e097d59, org.springframework.boot.test.autoconfigure.restdocs.RestDocsTestExecutionListener@673be18f, org.springframework.boot.test.autoconfigure.web.client.MockRestServiceServerResetTestExecutionListener@6581dc0a, org.springframework.boot.test.autoconfigure.web.servlet.MockMvcPrintOnlyOnFailureTestExecutionListener@39de3d36, org.springframework.boot.test.autoconfigure.web.servlet.WebDriverTestExecutionListener@6ce86ce1, org.springframework.boot.test.autoconfigure.webservices.client.MockWebServiceServerTestExecutionListener@54e7df6a, org.springframework.boot.test.mock.mockito.ResetMocksTestExecutionListener@3fed2870]
18:04:54.101 [Test worker] DEBUG org.springframework.test.context.support.AbstractDirtiesContextTestExecutionListener - Before test class: context [DefaultTestContext@34c01041 testClass = inoxsoftApplicationTests, testInstance = [null], testMethod = [null], testException = [null], mergedContextConfiguration = [WebMergedContextConfiguration@76f4b65 testClass = inoxsoftApplicationTests, locations = '{}', classes = '{class com.example.project01.inoxsoftApplication}', contextInitializerClasses = '[]', activeProfiles = '{}', propertySourceLocations = '{}', propertySourceProperties = '{org.springframework.boot.test.context.SpringBootTestContextBootstrapper=true}', contextCustomizers = set[org.springframework.boot.test.autoconfigure.actuate.metrics.MetricsExportContextCustomizerFactory$DisableMetricExportContextCustomizer@33065d67, org.springframework.boot.test.autoconfigure.properties.PropertyMappingContextCustomizer@0, org.springframework.boot.test.autoconfigure.web.servlet.WebDriverContextCustomizerFactory$Customizer@48075da3, org.springframework.boot.test.context.filter.ExcludeFilterContextCustomizer@cc43f62, org.springframework.boot.test.json.DuplicateJsonObjectContextCustomizerFactory$DuplicateJsonObjectContextCustomizer@16eb3ea3, org.springframework.boot.test.mock.mockito.MockitoContextCustomizer@0, org.springframework.boot.test.web.client.TestRestTemplateContextCustomizer@7d9d0818, org.springframework.boot.test.context.SpringBootTestArgs@1, org.springframework.boot.test.context.SpringBootTestWebEnvironment@61dd025], resourceBasePath = 'src/main/webapp', contextLoader = 'org.springframework.boot.test.context.SpringBootContextLoader', parent = [null]], attributes = map['org.springframework.test.context.web.ServletTestExecutionListener.activateListener' -> true]], class annotated with @DirtiesContext [false] with mode [null].

  .   ____          _            __ _ _
 /\\ / ___'_ __ _ _(_)_ __  __ _ \ \ \ \
( ( )\___ | '_ | '_| | '_ \/ _` | \ \ \ \
 \\/  ___)| |_)| | | | | || (_| |  ) ) ) )
  '  |____| .__|_| |_|_| |_\__, | / / / /
 =========|_|==============|___/=/_/_/_/
 :: Spring Boot ::                (v2.7.1)

2022-09-15 18:04:54.402  INFO 19596 --- [    Test worker] c.e.project01.inoxsoftApplicationTests   : Starting inoxsoftApplicationTests using Java 1.8.0_281 on DESKTOP-U73ANKS with PID 19596 (started by USER in C:\Users\USER\IdeaProjects\inoxsoftLeave)
2022-09-15 18:04:54.403  INFO 19596 --- [    Test worker] c.e.project01.inoxsoftApplicationTests   : No active profile set, falling back to 1 default profile: "default"
2022-09-15 18:04:55.068  INFO 19596 --- [    Test worker] .s.d.r.c.RepositoryConfigurationDelegate : Bootstrapping Spring Data JPA repositories in DEFAULT mode.
2022-09-15 18:04:55.144  INFO 19596 --- [    Test worker] .s.d.r.c.RepositoryConfigurationDelegate : Finished Spring Data repository scanning in 69 ms. Found 6 JPA repository interfaces.
2022-09-15 18:04:55.728  INFO 19596 --- [    Test worker] o.hibernate.jpa.internal.util.LogHelper  : HHH000204: Processing PersistenceUnitInfo [name: default]
2022-09-15 18:04:55.809  INFO 19596 --- [    Test worker] org.hibernate.Version                    : HHH000412: Hibernate ORM core version 5.6.9.Final
2022-09-15 18:04:55.998  INFO 19596 --- [    Test worker] o.hibernate.annotations.common.Version   : HCANN000001: Hibernate Commons Annotations {5.1.2.Final}
2022-09-15 18:04:56.126  INFO 19596 --- [    Test worker] com.zaxxer.hikari.HikariDataSource       : HikariPool-1 - Starting...
2022-09-15 18:04:56.289  INFO 19596 --- [    Test worker] com.zaxxer.hikari.HikariDataSource       : HikariPool-1 - Start completed.
2022-09-15 18:04:56.322  INFO 19596 --- [    Test worker] org.hibernate.dialect.Dialect            : HHH000400: Using dialect: org.hibernate.dialect.MySQL8Dialect
2022-09-15 18:04:56.958  INFO 19596 --- [    Test worker] o.h.e.t.j.p.i.JtaPlatformInitiator       : HHH000490: Using JtaPlatform implementation: [org.hibernate.engine.transaction.jta.platform.internal.NoJtaPlatform]
2022-09-15 18:04:56.968  INFO 19596 --- [    Test worker] j.LocalContainerEntityManagerFactoryBean : Initialized JPA EntityManagerFactory for persistence unit 'default'
2022-09-15 18:04:58.486  INFO 19596 --- [    Test worker] o.s.b.a.w.s.WelcomePageHandlerMapping    : Adding welcome page template: index
2022-09-15 18:04:58.939  INFO 19596 --- [    Test worker] c.e.project01.inoxsoftApplicationTests   : Started inoxsoftApplicationTests in 4.803 seconds (JVM running for 6.588)
]]></system-out>
  <system-err><![CDATA[]]></system-err>
</testsuite>
